Using pre-set license
Built from '2020.3/staging' branch; Version is '2020.3.25f1 (9b9180224418) revision 10195328'; Using compiler version '192528614'; Build Type 'Release'
OS: 'Windows 10  (10.0.17763) 64bit ServerStandard' Language: 'en' Physical Memory: 65406 MB
BatchMode: 1, IsHumanControllingUs: 0, StartBugReporterOnCrash: 0, Is64bit: 1, IsPro: 0

COMMAND LINE ARGUMENTS:
C:\Program Files\Unity\Hub\Editor\2020.3.25f1\Editor\Unity.exe
-adb2
-batchMode
-noUpm
-name
AssetImportWorker0
-projectPath
C:/Users/Administrator/Desktop/Code/Unity-Iain/Resources/IntegrationExample_RedRunner
-logFile
Logs/AssetImportWorker0.log
-srvPort
57303
Successfully changed project path to: C:/Users/Administrator/Desktop/Code/Unity-Iain/Resources/IntegrationExample_RedRunner
C:/Users/Administrator/Desktop/Code/Unity-Iain/Resources/IntegrationExample_RedRunner
Using Asset Import Pipeline V2.
Refreshing native plugins compatible for Editor in 56.83 ms, found 2 plugins.
Preloading 0 native plugins for Editor in 0.00 ms.
Initialize engine version: 2020.3.25f1 (9b9180224418)
[Subsystems] Discovering subsystems at path C:/Program Files/Unity/Hub/Editor/2020.3.25f1/Editor/Data/Resources/UnitySubsystems
[Subsystems] Discovering subsystems at path C:/Users/Administrator/Desktop/Code/Unity-Iain/Resources/IntegrationExample_RedRunner/Assets
GfxDevice: creating device client; threaded=0
Direct3D:
    Version:  Direct3D 11.0 [level 11.1]
    Renderer: Microsoft Basic Render Driver (ID=0x8c)
    Vendor:   
    VRAM:     32703 MB
Initialize mono
Mono path[0] = 'C:/Program Files/Unity/Hub/Editor/2020.3.25f1/Editor/Data/Managed'
Mono path[1] = 'C:/Program Files/Unity/Hub/Editor/2020.3.25f1/Editor/Data/MonoBleedingEdge/lib/mono/unityjit'
Mono config path = 'C:/Program Files/Unity/Hub/Editor/2020.3.25f1/Editor/Data/MonoBleedingEdge/etc'
Using monoOptions --debugger-agent=transport=dt_socket,embedding=1,server=y,suspend=n,address=127.0.0.1:56420
Begin MonoManager ReloadAssembly
Registering precompiled unity dll's ...
Register platform support module: C:/Program Files/Unity/Hub/Editor/2020.3.25f1/Editor/Data/PlaybackEngines/WindowsStandaloneSupport/UnityEditor.WindowsStandalone.Extensions.dll
Registered in 0.000983 seconds.
Native extension for WindowsStandalone target not found
Refreshing native plugins compatible for Editor in 48.56 ms, found 2 plugins.
Preloading 0 native plugins for Editor in 0.00 ms.
Mono: successfully reloaded assembly
- Completed reload, in  0.472 seconds
Domain Reload Profiling:
	ReloadAssembly (473ms)
		BeginReloadAssembly (39ms)
			ExecutionOrderSort (0ms)
			DisableScriptedObjects (0ms)
			BackupInstance (0ms)
			ReleaseScriptingObjects (0ms)
			CreateAndSetChildDomain (1ms)
		EndReloadAssembly (377ms)
			LoadAssemblies (38ms)
			RebuildTransferFunctionScriptingTraits (0ms)
			SetupTypeCache (126ms)
			ReleaseScriptCaches (0ms)
			RebuildScriptCaches (24ms)
			SetupLoadedEditorAssemblies (149ms)
				LogAssemblyErrors (0ms)
				InitializePlatformSupportModulesInManaged (4ms)
				SetLoadedEditorAssemblies (0ms)
				RefreshPlugins (49ms)
				BeforeProcessingInitializeOnLoad (6ms)
				ProcessInitializeOnLoadAttributes (68ms)
				ProcessInitializeOnLoadMethodAttributes (22ms)
				AfterProcessingInitializeOnLoad (0ms)
				EditorAssembliesLoaded (0ms)
			ExecutionOrderSort2 (0ms)
			AwakeInstancesAfterBackupRestoration (0ms)
Platform modules already initialized, skipping
Registering precompiled user dll's ...
Registered in 0.005405 seconds.
Begin MonoManager ReloadAssembly
Native extension for WindowsStandalone target not found
Refreshing native plugins compatible for Editor in 0.77 ms, found 2 plugins.
Preloading 0 native plugins for Editor in 0.00 ms.
Mono: successfully reloaded assembly
- Completed reload, in  1.065 seconds
Domain Reload Profiling:
	ReloadAssembly (1065ms)
		BeginReloadAssembly (114ms)
			ExecutionOrderSort (0ms)
			DisableScriptedObjects (4ms)
			BackupInstance (0ms)
			ReleaseScriptingObjects (0ms)
			CreateAndSetChildDomain (16ms)
		EndReloadAssembly (903ms)
			LoadAssemblies (79ms)
			RebuildTransferFunctionScriptingTraits (0ms)
			SetupTypeCache (268ms)
			ReleaseScriptCaches (0ms)
			RebuildScriptCaches (42ms)
			SetupLoadedEditorAssemblies (427ms)
				LogAssemblyErrors (0ms)
				InitializePlatformSupportModulesInManaged (4ms)
				SetLoadedEditorAssemblies (0ms)
				RefreshPlugins (1ms)
				BeforeProcessingInitializeOnLoad (64ms)
				ProcessInitializeOnLoadAttributes (322ms)
				ProcessInitializeOnLoadMethodAttributes (33ms)
				AfterProcessingInitializeOnLoad (3ms)
				EditorAssembliesLoaded (0ms)
			ExecutionOrderSort2 (0ms)
			AwakeInstancesAfterBackupRestoration (5ms)
Platform modules already initialized, skipping
========================================================================
Worker process is ready to serve import requests
Launched and connected shader compiler UnityShaderCompiler.exe after 0.06 seconds
Refreshing native plugins compatible for Editor in 0.70 ms, found 2 plugins.
Preloading 0 native plugins for Editor in 0.00 ms.
Unloading 2469 Unused Serialized files (Serialized files now loaded: 0)
System memory in use before: 102.5 MB.
System memory in use after: 102.7 MB.

Unloading 70 unused Assets to reduce memory usage. Loaded Objects now: 2863.
Total: 6.426700 ms (FindLiveObjects: 0.203900 ms CreateObjectMapping: 0.095200 ms MarkObjects: 6.062500 ms  DeleteObjects: 0.064100 ms)

AssetImportParameters requested are different than current active one (requested -> active):
  custom:framework-win-MediaFoundation: 216162199b28c13a410421893ffa2e32 -> 
  custom:video-decoder-ogg-theora: a1e56fd34408186e4bbccfd4996cb3dc -> 
  custom:container-muxer-webm: aa71ff27fc2769a1b78a27578f13a17b -> 
  custom:container-demuxer-webm: 4f35f7cbe854078d1ac9338744f61a02 -> 
  custom:container-demuxer-ogg: 62fdf1f143b41e24485cea50d1cbac27 -> 
  custom:video-encoder-webm-vp8: eb34c28f22e8b96e1ab97ce403110664 -> 
  custom:video-decoder-webm-vp8: 9c59270c3fd7afecdb556c50c9e8de78 -> 
  custom:audio-decoder-ogg-vorbis: bf7c407c2cedff20999df2af8eb42d56 -> 
  custom:audio-encoder-webm-vorbis: bf7c407c2cedff20999df2af8eb42d56 -> 
========================================================================
Received Import Request.
  path: Assets/New Post-Processing Profile.asset
  artifactKey: Guid(7d98218850cb6814bb66c895cdfd0e23) Importer(815301076,1909f56bfc062723c751e8b465ee728b)
Start importing Assets/New Post-Processing Profile.asset using Guid(7d98218850cb6814bb66c895cdfd0e23) Importer(815301076,1909f56bfc062723c751e8b465ee728b)  -> (artifact id: '08679695f231c6c275442f5edda13d89') in 0.030569 seconds 
  Import took 0.033601 seconds .

========================================================================
Received Import Request.
  Time since last request: 0.000260 seconds.
  path: Assets/Saw.png
  artifactKey: Guid(3891de936d7fbda45be2d81fd7d7c185) Importer(815301076,1909f56bfc062723c751e8b465ee728b)
Start importing Assets/Saw.png using Guid(3891de936d7fbda45be2d81fd7d7c185) Importer(815301076,1909f56bfc062723c751e8b465ee728b)  -> (artifact id: '67d845b36adc38e0fe53bd3714175c89') in 0.102561 seconds 
  Import took 0.105529 seconds .

========================================================================
Received Import Request.
  Time since last request: 0.000272 seconds.
  path: Assets/Saw 512 With Circle.png
  artifactKey: Guid(02ee8b2a5ebfd054489da328687822cd) Importer(815301076,1909f56bfc062723c751e8b465ee728b)
Start importing Assets/Saw 512 With Circle.png using Guid(02ee8b2a5ebfd054489da328687822cd) Importer(815301076,1909f56bfc062723c751e8b465ee728b)  -> (artifact id: '68535d5931dbb73459ccb617d985a274') in 0.049196 seconds 
  Import took 0.052039 seconds .

========================================================================
Received Import Request.
  Time since last request: 0.002623 seconds.
  path: Assets/AudioMixer.mixer
  artifactKey: Guid(a08791d71f1960e4696a0f92d027ee54) Importer(815301076,1909f56bfc062723c751e8b465ee728b)
Start importing Assets/AudioMixer.mixer using Guid(a08791d71f1960e4696a0f92d027ee54) Importer(815301076,1909f56bfc062723c751e8b465ee728b)  -> (artifact id: '94ada3c637387a9af2b61789688ba894') in 0.019026 seconds 
  Import took 0.023006 seconds .

========================================================================
Received Import Request.
  Time since last request: 0.000263 seconds.
  path: Assets/Generation Settings.asset
  artifactKey: Guid(594767ce7306ebf43aa3e06528257f32) Importer(815301076,1909f56bfc062723c751e8b465ee728b)
Start importing Assets/Generation Settings.asset using Guid(594767ce7306ebf43aa3e06528257f32) Importer(815301076,1909f56bfc062723c751e8b465ee728b)  -> (artifact id: 'c270e82d6ddb21bcab9dd2686263ca86') in 0.272251 seconds 
  Import took 0.297759 seconds .

AssetImportWorkerClient::OnTransportError - code=2 error=End of file
